2020-07-30 10:46:12.719 [main] DEBUG com.daitou.o2o.dao.ShopDao.insertShop - ==>  Preparing: INSERT INTO tb_shop(owner_id, area_id, shop_category_id, shop_name, shop_desc, shop_addr, phone, shop_img, priority, create_time, last_edit_time, enable_status, advice) VALUES (?,?,?,?, ?,?,?,?,?, ?,?, ?,?) 
2020-07-30 10:46:12.765 [main] DEBUG com.daitou.o2o.dao.ShopDao.insertShop - ==> Parameters: 1(Long), 2(Integer), 1(Long), 测试的店铺3(String), test3(String), test3(String), test3(String), null, null, 2020-07-30 10:46:12.699(Timestamp), 2020-07-30 10:46:12.699(Timestamp), 0(Integer), 审核中(String)
2020-07-30 10:46:12.767 [main] DEBUG com.daitou.o2o.dao.ShopDao.insertShop - <==    Updates: 1
2020-07-30 10:46:12.779 [main] DEBUG com.daitou.o2o.utils.ImageUtil - current relativeAddr is :/upload/item/shop/10/2020073010461261369.png
2020-07-30 10:46:12.780 [main] DEBUG com.daitou.o2o.utils.ImageUtil - current complete addr is :/Users/daitou/work/image/upload/item/shop/10/2020073010461261369.png
2020-07-30 10:46:12.780 [main] DEBUG com.daitou.o2o.utils.ImageUtil - basePath is :/Users/daitou/IdeaProjects/project_o2o/target/test-classes/
2020-07-30 10:46:13.190 [main] DEBUG com.daitou.o2o.dao.ShopDao.updateShop - ==>  Preparing: update tb_shop SET shop_name=?, shop_desc=?, shop_addr=?, phone=?, shop_img=?, last_edit_time=?, enable_status=?, advice=?, area_id=?, shop_category_id=? where shop_id=? 
2020-07-30 10:46:13.191 [main] DEBUG com.daitou.o2o.dao.ShopDao.updateShop - ==> Parameters: 测试的店铺3(String), test3(String), test3(String), test3(String), /upload/item/shop/10/2020073010461261369.png(String), 2020-07-30 10:46:12.699(Timestamp), 0(Integer), 审核中(String), 2(Integer), 1(Long), 10(Long)
2020-07-30 10:46:13.192 [main] DEBUG com.daitou.o2o.dao.ShopDao.updateShop - <==    Updates: 1
2020-07-30 10:46:13.211 [main] DEBUG com.daitou.o2o.dao.ShopDao.updateShop - ==>  Preparing: update tb_shop SET shop_desc=?, shop_addr=?, last_edit_time=? where shop_id=? 
2020-07-30 10:46:13.211 [main] DEBUG com.daitou.o2o.dao.ShopDao.updateShop - ==> Parameters: 测试描述(String), 测试地址(String), 2020-07-30 10:46:13.21(Timestamp), 1(Long)
2020-07-30 10:46:13.222 [main] DEBUG com.daitou.o2o.dao.ShopDao.updateShop - <==    Updates: 1
2020-07-30 10:46:13.225 [main] DEBUG com.daitou.o2o.dao.AreaDao.findAll - ==>  Preparing: SELECT area_id, area_name, priority, create_time, last_edit_time FROM tb_area ORDER BY priority DESC 
2020-07-30 10:46:13.225 [main] DEBUG com.daitou.o2o.dao.AreaDao.findAll - ==> Parameters: 
2020-07-30 10:46:13.245 [main] DEBUG com.daitou.o2o.dao.AreaDao.findAll - <==      Total: 2
2020-07-30 10:46:13.252 [main] DEBUG com.daitou.o2o.dao.AreaDao.findAll - ==>  Preparing: SELECT area_id, area_name, priority, create_time, last_edit_time FROM tb_area ORDER BY priority DESC 
2020-07-30 10:46:13.252 [main] DEBUG com.daitou.o2o.dao.AreaDao.findAll - ==> Parameters: 
2020-07-30 10:46:13.254 [main] DEBUG com.daitou.o2o.dao.AreaDao.findAll - <==      Total: 2
2020-07-30 10:46:13.255 [main] DEBUG com.daitou.o2o.dao.ShopDao.insertShop - ==>  Preparing: INSERT INTO tb_shop(owner_id, area_id, shop_category_id, shop_name, shop_desc, shop_addr, phone, shop_img, priority, create_time, last_edit_time, enable_status, advice) VALUES (?,?,?,?, ?,?,?,?,?, ?,?, ?,?) 
2020-07-30 10:46:13.256 [main] DEBUG com.daitou.o2o.dao.ShopDao.insertShop - ==> Parameters: 1(Long), 2(Integer), 1(Long), 测试的店铺(String), test(String), test(String), test(String), test(String), null, 2020-07-30 10:46:13.255(Timestamp), null, 0(Integer), 审核中(String)
2020-07-30 10:46:13.267 [main] DEBUG com.daitou.o2o.dao.ShopDao.insertShop - <==    Updates: 1
2020-07-30 10:46:13.280 [main] DEBUG com.daitou.o2o.dao.ShopDao.queryShopList - ==>  Preparing: SELECT s.shop_id, s.shop_name, s.shop_desc, s.shop_addr, s.phone, s.shop_img, s.priority, s.create_time, s.last_edit_time, s.enable_status, s.advice, a.area_id, a.area_name, sc.shop_category_id, sc.shop_category_name FROM tb_shop s, tb_area a, tb_shop_category sc WHERE s.area_id = ? and s.owner_id = ? AND s.area_id=a.area_id AND s.shop_category_id = sc.shop_category_id ORDER BY s.priority DESC LIMIT ?,?; 
2020-07-30 10:46:13.281 [main] DEBUG com.daitou.o2o.dao.ShopDao.queryShopList - ==> Parameters: 1(Integer), 1(Long), 0(Integer), 3(Integer)
2020-07-30 10:46:13.283 [main] DEBUG com.daitou.o2o.dao.ShopDao.queryShopList - <==      Total: 1
2020-07-30 10:46:13.284 [main] DEBUG c.d.o.dao.ProductCategoryDao.queryProductCategory - ==>  Preparing: select product_category_name,priority from tb_product_category where shop_id = ? order by desc 
2020-07-30 10:46:13.285 [main] DEBUG c.d.o.dao.ProductCategoryDao.queryProductCategory - ==> Parameters: 1(Long)
2020-07-30 10:50:01.745 [main] DEBUG com.daitou.o2o.dao.ShopDao.insertShop - ==>  Preparing: INSERT INTO tb_shop(owner_id, area_id, shop_category_id, shop_name, shop_desc, shop_addr, phone, shop_img, priority, create_time, last_edit_time, enable_status, advice) VALUES (?,?,?,?, ?,?,?,?,?, ?,?, ?,?) 
2020-07-30 10:50:01.785 [main] DEBUG com.daitou.o2o.dao.ShopDao.insertShop - ==> Parameters: 1(Long), 2(Integer), 1(Long), 测试的店铺3(String), test3(String), test3(String), test3(String), null, null, 2020-07-30 10:50:01.72(Timestamp), 2020-07-30 10:50:01.72(Timestamp), 0(Integer), 审核中(String)
2020-07-30 10:50:01.787 [main] DEBUG com.daitou.o2o.dao.ShopDao.insertShop - <==    Updates: 1
2020-07-30 10:50:01.799 [main] DEBUG com.daitou.o2o.utils.ImageUtil - current relativeAddr is :/upload/item/shop/12/2020073010500154457.png
2020-07-30 10:50:01.799 [main] DEBUG com.daitou.o2o.utils.ImageUtil - current complete addr is :/Users/daitou/work/image/upload/item/shop/12/2020073010500154457.png
2020-07-30 10:50:01.799 [main] DEBUG com.daitou.o2o.utils.ImageUtil - basePath is :/Users/daitou/IdeaProjects/project_o2o/target/test-classes/
2020-07-30 10:50:02.170 [main] DEBUG com.daitou.o2o.dao.ShopDao.updateShop - ==>  Preparing: update tb_shop SET shop_name=?, shop_desc=?, shop_addr=?, phone=?, shop_img=?, last_edit_time=?, enable_status=?, advice=?, area_id=?, shop_category_id=? where shop_id=? 
2020-07-30 10:50:02.171 [main] DEBUG com.daitou.o2o.dao.ShopDao.updateShop - ==> Parameters: 测试的店铺3(String), test3(String), test3(String), test3(String), /upload/item/shop/12/2020073010500154457.png(String), 2020-07-30 10:50:01.72(Timestamp), 0(Integer), 审核中(String), 2(Integer), 1(Long), 12(Long)
2020-07-30 10:50:02.173 [main] DEBUG com.daitou.o2o.dao.ShopDao.updateShop - <==    Updates: 1
2020-07-30 10:50:02.192 [main] DEBUG com.daitou.o2o.dao.ShopDao.updateShop - ==>  Preparing: update tb_shop SET shop_desc=?, shop_addr=?, last_edit_time=? where shop_id=? 
2020-07-30 10:50:02.192 [main] DEBUG com.daitou.o2o.dao.ShopDao.updateShop - ==> Parameters: 测试描述(String), 测试地址(String), 2020-07-30 10:50:02.191(Timestamp), 1(Long)
2020-07-30 10:50:02.202 [main] DEBUG com.daitou.o2o.dao.ShopDao.updateShop - <==    Updates: 1
2020-07-30 10:50:02.205 [main] DEBUG com.daitou.o2o.dao.AreaDao.findAll - ==>  Preparing: SELECT area_id, area_name, priority, create_time, last_edit_time FROM tb_area ORDER BY priority DESC 
2020-07-30 10:50:02.205 [main] DEBUG com.daitou.o2o.dao.AreaDao.findAll - ==> Parameters: 
2020-07-30 10:50:02.225 [main] DEBUG com.daitou.o2o.dao.AreaDao.findAll - <==      Total: 2
2020-07-30 10:50:02.232 [main] DEBUG com.daitou.o2o.dao.AreaDao.findAll - ==>  Preparing: SELECT area_id, area_name, priority, create_time, last_edit_time FROM tb_area ORDER BY priority DESC 
2020-07-30 10:50:02.232 [main] DEBUG com.daitou.o2o.dao.AreaDao.findAll - ==> Parameters: 
2020-07-30 10:50:02.234 [main] DEBUG com.daitou.o2o.dao.AreaDao.findAll - <==      Total: 2
2020-07-30 10:50:02.235 [main] DEBUG com.daitou.o2o.dao.ShopDao.insertShop - ==>  Preparing: INSERT INTO tb_shop(owner_id, area_id, shop_category_id, shop_name, shop_desc, shop_addr, phone, shop_img, priority, create_time, last_edit_time, enable_status, advice) VALUES (?,?,?,?, ?,?,?,?,?, ?,?, ?,?) 
2020-07-30 10:50:02.236 [main] DEBUG com.daitou.o2o.dao.ShopDao.insertShop - ==> Parameters: 1(Long), 2(Integer), 1(Long), 测试的店铺(String), test(String), test(String), test(String), test(String), null, 2020-07-30 10:50:02.235(Timestamp), null, 0(Integer), 审核中(String)
2020-07-30 10:50:02.248 [main] DEBUG com.daitou.o2o.dao.ShopDao.insertShop - <==    Updates: 1
2020-07-30 10:50:02.262 [main] DEBUG com.daitou.o2o.dao.ShopDao.queryShopList - ==>  Preparing: SELECT s.shop_id, s.shop_name, s.shop_desc, s.shop_addr, s.phone, s.shop_img, s.priority, s.create_time, s.last_edit_time, s.enable_status, s.advice, a.area_id, a.area_name, sc.shop_category_id, sc.shop_category_name FROM tb_shop s, tb_area a, tb_shop_category sc WHERE s.area_id = ? and s.owner_id = ? AND s.area_id=a.area_id AND s.shop_category_id = sc.shop_category_id ORDER BY s.priority DESC LIMIT ?,?; 
2020-07-30 10:50:02.262 [main] DEBUG com.daitou.o2o.dao.ShopDao.queryShopList - ==> Parameters: 1(Integer), 1(Long), 0(Integer), 3(Integer)
2020-07-30 10:50:02.264 [main] DEBUG com.daitou.o2o.dao.ShopDao.queryShopList - <==      Total: 1
2020-07-30 10:50:02.266 [main] DEBUG c.d.o.dao.ProductCategoryDao.queryProductCategory - ==>  Preparing: select product_category_name,priority from tb_product_category where shop_id = ? order by priority desc 
2020-07-30 10:50:02.266 [main] DEBUG c.d.o.dao.ProductCategoryDao.queryProductCategory - ==> Parameters: 1(Long)
2020-07-30 10:50:02.268 [main] DEBUG c.d.o.dao.ProductCategoryDao.queryProductCategory - <==      Total: 2
